La génération a démarré 20/05/2015 17:00:48.
     1>Projet "C:\Users\lambda\Documents\Visual Studio 2010\Projects\Composant5\Composant5\Composant5.vcxproj" sur le nœud 2 (rebuild cible(s)).
     1>_PrepareForClean:
         Suppression du fichier "Debug\Composant5.lastbuildstate".
       InitializeBuildStatus:
         Création de "Debug\Composant5.unsuccessfulbuild", car "AlwaysCreate" a été spécifié.
       ClCompile:
         c:\Program Files (x86)\Microsoft Visual Studio 10.0\VC\bin\CL.exe /c /I"C:\Users\lambda\Documents\Visual Studio 2010\Projects\Composant5\Interfaces" /ZI /nologo /W3 /WX- /Od /Oy- /D COMPOSANT5_EXPORTS /D WIN32 /D _DEBUG /D _WINDOWS /D _USRDLL /D _WINDLL /D _UNICODE /D UNICODE /D _AFXDLL /Gm /EHsc /RTC1 /MDd /GS /fp:precise /Zc:wchar_t /Zc:forScope /Fo"Debug\\" /Fd"Debug\vc100.pdb" /Gd /TP /analyze- /errorReport:prompt Composant5.cpp
         Composant5.cpp
     1>c:\users\lambda\documents\visual studio 2010\projects\composant5\composant5\composant5.cpp(246): warning C4244: '=' : conversion de 'double' en 'int', perte possible de données
       Link:
         c:\Program Files (x86)\Microsoft Visual Studio 10.0\VC\bin\link.exe /ERRORREPORT:PROMPT /OUT:"C:\Users\lambda\Documents\Visual Studio 2010\Projects\Composant5\Debug\Composant5.dll" /INCREMENTAL:NO /NOLOGO /LIBPATH:"C:\Users\lambda\Documents\Visual Studio 2010\Projects\Composant5\Debug" /MANIFEST /ManifestFile:"Debug\Composant5.dll.intermediate.manifest" /MANIFESTUAC:"level='asInvoker' uiAccess='false'" /DEBUG /PDB:"C:\Users\lambda\Documents\Visual Studio 2010\Projects\Composant5\Debug\Composant5.pdb" /SUBSYSTEM:WINDOWS /TLBID:1 /DYNAMICBASE /NXCOMPAT /IMPLIB:"C:\Users\lambda\Documents\Visual Studio 2010\Projects\Composant5\Debug\Composant5.lib" /MACHINE:X86 /DLL Debug\Composant5.obj
     1>Composant5.obj : warning LNK4075: ' /EDITANDCONTINUE' ignoré à cause de la spécification '/INCREMENTAL:NO'
         Composant5.vcxproj -> C:\Users\lambda\Documents\Visual Studio 2010\Projects\Composant5\Debug\Composant5.dll
       Manifest:
         C:\Program Files (x86)\Microsoft SDKs\Windows\v7.0A\bin\mt.exe /nologo /verbose /outputresource:"C:\Users\lambda\Documents\Visual Studio 2010\Projects\Composant5\Debug\Composant5.dll;#2" /manifest Debug\Composant5.dll.intermediate.manifest "c:\Program Files (x86)\Microsoft Visual Studio 10.0\VC\Include\Manifest\dpiaware.manifest"
       FinalizeBuildStatus:
         Suppression du fichier "Debug\Composant5.unsuccessfulbuild".
         Mise à jour de l'horodatage "Debug\Composant5.lastbuildstate".
     1>Génération du projet "C:\Users\lambda\Documents\Visual Studio 2010\Projects\Composant5\Composant5\Composant5.vcxproj" terminée (rebuild cible(s)).

La génération a réussi.

Temps écoulé 00:00:01.31
